SCRIPT  C:\Users\K858102\AppData\Local\nvim-dru-data\lazy\telescope.nvim\ftplugin\TelescopePrompt.lua
Sourced 1 time
Total time:   0.000289
 Self time:   0.000289

count  total (s)   self (s)
                            -- Don't wrap textwidth things
                            vim.opt_local.formatoptions:remove "t"
                            vim.opt_local.formatoptions:remove "c"
                            
                            -- Don't include `showbreak` when calculating strdisplaywidth
                            vim.opt_local.wrap = false
                            
                            -- There's also no reason to enable textwidth here anyway
                            vim.opt_local.textwidth = 0
                            vim.opt_local.scrollbind = false
                            
                            vim.opt_local.signcolumn = "no"

SCRIPT  C:\Users\K858102\AppData\Local\nvim-dru-data\lazy\telescope.nvim\ftplugin\TelescopeResults.lua
Sourced 1 time
Total time:   0.000143
 Self time:   0.000143

count  total (s)   self (s)
                            -- Don't have scrolloff, it makes things weird.
                            vim.opt_local.scrolloff = 0
                            vim.opt_local.scrollbind = false
                            
                            vim.opt_local.signcolumn = "no"

FUNCTION  <SNR>13_Highlight_Matching_Pair()
    Defined: C:\LocalUserData\nvim\share/nvim/runtime/plugin/matchparen.vim:44
Called 11 times
Total time:   0.001527
 Self time:   0.001352

count  total (s)   self (s)
   11              0.000073   if !exists("w:matchparen_ids")
    1              0.000006     let w:matchparen_ids = []
   11              0.000011   endif
                              " Remove any previous match.
   11   0.000283   0.000108   call s:Remove_Matches()
                            
                              " Avoid that we remove the popup menu.
                              " Return when there are no colors (looks like the cursor jumps).
   11              0.000068   if pumvisible() || (&t_Co < 8 && !has("gui_running"))
                                return
   11              0.000006   endif
                            
                              " Get the character under the cursor and check if it's in 'matchpairs'.
   11              0.000050   let c_lnum = line('.')
   11              0.000039   let c_col = col('.')
   11              0.000022   let before = 0
                            
   11              0.000044   let text = getline(c_lnum)
   11              0.000237   let matches = matchlist(text, '\(.\)\=\%'.c_col.'c\(.\=\)')
   11              0.000029   if empty(matches)
                                let [c_before, c] = ['', '']
   11              0.000009   else
   11              0.000056     let [c_before, c] = matches[1:2]
   11              0.000008   endif
   11              0.000182   let plist = split(&matchpairs, '.\zs[:,]')
   11              0.000043   let i = index(plist, c)
   11              0.000016   if i < 0
                                " not found, in Insert mode try character before the cursor
   11              0.000051     if c_col > 1 && (mode() == 'i' || mode() == 'R')
    5              0.000017       let before = strlen(c_before)
    5              0.000006       let c = c_before
    5              0.000011       let i = index(plist, c)
   11              0.000007     endif
   11              0.000011     if i < 0
                                  " not found, nothing to do
   11              0.000012       return
                                endif
                              endif
                            
                              " Figure out the arguments for searchpairpos().
                              if i % 2 == 0
                                let s_flags = 'nW'
                                let c2 = plist[i + 1]
                              else
                                let s_flags = 'nbW'
                                let c2 = c
                                let c = plist[i - 1]
                              endif
                              if c == '['
                                let c = '\['
                                let c2 = '\]'
                              endif
                            
                              " Find the match.  When it was just before the cursor move it there for a
                              " moment.
                              if before > 0
                                let has_getcurpos = exists("*getcurpos")
                                if has_getcurpos
                                  " getcurpos() is more efficient but doesn't exist before 7.4.313.
                                  let save_cursor = getcurpos()
                                else
                                  let save_cursor = winsaveview()
                                endif
                                call cursor(c_lnum, c_col - before)
                              endif
                            
                              if !has("syntax") || !exists("g:syntax_on")
                                let s_skip = "0"
                              else
                                " Build an expression that detects whether the current cursor position is
                                " in certain syntax types (string, comment, etc.), for use as
                                " searchpairpos()'s skip argument.
                                " We match "escape" for special items, such as lispEscapeSpecial, and
                                " match "symbol" for lispBarSymbol.
                                let s_skip = 'synstack(".", col("."))' . '->indexof({_, id -> synIDattr(id, "name") =~? ' . '"string\\|character\\|singlequote\\|escape\\|symbol\\|comment"}) >= 0'
                                " If executing the expression determines that the cursor is currently in
                                " one of the syntax types, then we want searchpairpos() to find the pair
                                " within those syntax types (i.e., not skip).  Otherwise, the cursor is
                                " outside of the syntax types and s_skip should keep its value so we skip
                                " any matching pair inside the syntax types.
                                " Catch if this throws E363: pattern uses more memory than 'maxmempattern'.
                                try
                                  execute 'if ' . s_skip . ' | let s_skip = "0" | endif'
                                catch /^Vim\%((\a\+)\)\=:E363/
                                  " We won't find anything, so skip searching, should keep Vim responsive.
                                  return
                                endtry
                              endif
                            
                              " Limit the search to lines visible in the window.
                              let stoplinebottom = line('w$')
                              let stoplinetop = line('w0')
                              if i % 2 == 0
                                let stopline = stoplinebottom
                              else
                                let stopline = stoplinetop
                              endif
                            
                              " Limit the search time to 300 msec to avoid a hang on very long lines.
                              " This fails when a timeout is not supported.
                              if mode() == 'i' || mode() == 'R'
                                let timeout = exists("b:matchparen_insert_timeout") ? b:matchparen_insert_timeout : g:matchparen_insert_timeout
                              else
                                let timeout = exists("b:matchparen_timeout") ? b:matchparen_timeout : g:matchparen_timeout
                              endif
                              try
                                let [m_lnum, m_col] = searchpairpos(c, '', c2, s_flags, s_skip, stopline, timeout)
                              catch /E118/
                                " Can't use the timeout, restrict the stopline a bit more to avoid taking
                                " a long time on closed folds and long lines.
                                " The "viewable" variables give a range in which we can scroll while
                                " keeping the cursor at the same position.
                                " adjustedScrolloff accounts for very large numbers of scrolloff.
                                let adjustedScrolloff = min([&scrolloff, (line('w$') - line('w0')) / 2])
                                let bottom_viewable = min([line('$'), c_lnum + &lines - adjustedScrolloff - 2])
                                let top_viewable = max([1, c_lnum-&lines+adjustedScrolloff + 2])
                                " one of these stoplines will be adjusted below, but the current values are
                                " minimal boundaries within the current window
                                if i % 2 == 0
                                  if has("byte_offset") && has("syntax_items") && &smc > 0
                            	let stopbyte = min([line2byte("$"), line2byte(".") + col(".") + &smc * 2])
                            	let stopline = min([bottom_viewable, byte2line(stopbyte)])
                                  else
                            	let stopline = min([bottom_viewable, c_lnum + 100])
                                  endif
                                  let stoplinebottom = stopline
                                else
                                  if has("byte_offset") && has("syntax_items") && &smc > 0
                            	let stopbyte = max([1, line2byte(".") + col(".") - &smc * 2])
                            	let stopline = max([top_viewable, byte2line(stopbyte)])
                                  else
                            	let stopline = max([top_viewable, c_lnum - 100])
                                  endif
                                  let stoplinetop = stopline
                                endif
                                let [m_lnum, m_col] = searchpairpos(c, '', c2, s_flags, s_skip, stopline)
                              endtry
                            
                              if before > 0
                                if has_getcurpos
                                  call setpos('.', save_cursor)
                                else
                                  call winrestview(save_cursor)
                                endif
                              endif
                            
                              " If a match is found setup match highlighting.
                              if m_lnum > 0 && m_lnum >= stoplinetop && m_lnum <= stoplinebottom 
                                if s:has_matchaddpos
                                  call add(w:matchparen_ids, matchaddpos('MatchParen', [[c_lnum, c_col - before], [m_lnum, m_col]], 10))
                                else
                                  exe '3match MatchParen /\(\%' . c_lnum . 'l\%' . (c_col - before) . 'c\)\|\(\%' . m_lnum . 'l\%' . m_col . 'c\)/'
                                  call add(w:matchparen_ids, 3)
                                endif
                                let w:paren_hl_on = 1
                              endif

FUNCTION  <SNR>1_LoadFTPlugin()
    Defined: C:\LocalUserData\nvim\share\nvim\runtime\ftplugin.vim:15
Called 2 times
Total time:   0.010352
 Self time:   0.009911

count  total (s)   self (s)
    2              0.000006     if exists("b:undo_ftplugin")
                                  exe b:undo_ftplugin
                                  unlet! b:undo_ftplugin b:did_ftplugin
    2              0.000001     endif
                            
    2              0.000006     let s = expand("<amatch>")
    2              0.000003     if s != ""
    2              0.000008       if &cpo =~# "S" && exists("b:did_ftplugin")
                            	" In compatible mode options are reset to the global values, need to
                            	" set the local values also when a plugin was already used.
                            	unlet b:did_ftplugin
    2              0.000001       endif
                            
                                  " When there is a dot it is used to separate filetype names.  Thus for
                                  " "aaa.bbb" load "aaa" and then "bbb".
    4              0.000010       for name in split(s, '\.')
                                    " Load Lua ftplugins after Vim ftplugins _per directory_
                                    " TODO(clason): use nvim__get_runtime when supports globs and modeline
                                    " XXX: "[.]" in the first pattern makes it a wildcard on Windows
    2   0.010290   0.009849         exe $'runtime! ftplugin/{name}[.]{{vim,lua}} ftplugin/{name}_*.{{vim,lua}} ftplugin/{name}/*.{{vim,lua}}'
    4              0.000004       endfor
    2              0.000001     endif

FUNCTION  nvim_treesitter#foldexpr()
    Defined: ~\AppData\Local\nvim-dru-data\lazy\nvim-treesitter\autoload\nvim_treesitter.vim:5
Called 290 times
Total time:   0.005367
 Self time:   0.005367

count  total (s)   self (s)
  290              0.005182 	return luaeval(printf('require"nvim-treesitter.fold".get_fold_indic(%d)', v:lnum))

FUNCTION  <SNR>26_SynSet()
    Defined: C:\LocalUserData\nvim\share\nvim\runtime\syntax\synload.vim:27
Called 2 times
Total time:   0.004711
 Self time:   0.004711

count  total (s)   self (s)
                              " clear syntax for :set syntax=OFF  and any syntax name that doesn't exist
    2              0.000005   syn clear
    2              0.000003   if exists("b:current_syntax")
                                unlet b:current_syntax
    2              0.000001   endif
                            
    2              0.000004   0verbose let s = expand("<amatch>")
    2              0.000002   if s == "ON"
                                " :set syntax=ON
                                if &filetype == ""
                                  echohl ErrorMsg
                                  echo "filetype unknown"
                                  echohl None
                                endif
                                let s = &filetype
    2              0.000001   elseif s == "OFF"
                                let s = ""
    2              0.000000   endif
                            
    2              0.000001   if s != ""
                                " Load the syntax file(s).  When there are several, separated by dots,
                                " load each in sequence.  Skip empty entries.
    4              0.000008     for name in split(s, '\.')
    2              0.000002       if !empty(name)
                                    " XXX: "[.]" in the first pattern makes it a wildcard on Windows
    2              0.004654         exe $'runtime! syntax/{name}[.]{{vim,lua}} syntax/{name}/*.{{vim,lua}}'
    2              0.000002       endif
    4              0.000002     endfor
    2              0.000001   endif

FUNCTION  <SNR>2_LoadIndent()
    Defined: C:\LocalUserData\nvim\share\nvim\runtime\indent.vim:14
Called 2 times
Total time:   0.002333
 Self time:   0.002333

count  total (s)   self (s)
    2              0.000005     if exists("b:undo_indent")
                                  exe b:undo_indent
                                  unlet! b:undo_indent b:did_indent
    2              0.000001     endif
    2              0.000005     let s = expand("<amatch>")
    2              0.000002     if s != ""
    2              0.000002       if exists("b:did_indent")
                            	unlet b:did_indent
    2              0.000000       endif
                            
                                  " When there is a dot it is used to separate filetype names.  Thus for
                                  " "aaa.bbb" load "indent/aaa.vim" and then "indent/bbb.vim".
    4              0.000011       for name in split(s, '\.')
                                    " XXX: "[.]" in the pattern makes it a wildcard on Windows
    2              0.002289         exe $'runtime! indent/{name}[.]{{vim,lua}}'
    4              0.000003       endfor
    2              0.000001     endif

FUNCTION  <SNR>13_Remove_Matches()
    Defined: C:\LocalUserData\nvim\share/nvim/runtime/plugin/matchparen.vim:206
Called 15 times
Total time:   0.000296
 Self time:   0.000296

count  total (s)   self (s)
   15              0.000082   if exists('w:paren_hl_on') && w:paren_hl_on
                                while !empty(w:matchparen_ids)
                                  silent! call remove(w:matchparen_ids, 0)->matchdelete()
                                endwhile
                                let w:paren_hl_on = 0
   15              0.000011   endif

FUNCTIONS SORTED ON TOTAL TIME
count  total (s)   self (s)  function
    2   0.010352   0.009911  <SNR>1_LoadFTPlugin()
  290   0.005367             nvim_treesitter#foldexpr()
    2   0.004711             <SNR>26_SynSet()
    2   0.002333             <SNR>2_LoadIndent()
   11   0.001527   0.001352  <SNR>13_Highlight_Matching_Pair()
   15   0.000296             <SNR>13_Remove_Matches()

FUNCTIONS SORTED ON SELF TIME
count  total (s)   self (s)  function
    2   0.010352   0.009911  <SNR>1_LoadFTPlugin()
  290              0.005367  nvim_treesitter#foldexpr()
    2              0.004711  <SNR>26_SynSet()
    2              0.002333  <SNR>2_LoadIndent()
   11   0.001527   0.001352  <SNR>13_Highlight_Matching_Pair()
   15              0.000296  <SNR>13_Remove_Matches()

